0 info it worked if it ends with ok
1 verbose cli [ '/usr/local/Cellar/node/7.7.4/bin/node',
1 verbose cli   '/usr/local/Cellar/node/7.7.4/libexec/npm/lib/node_modules/npm/bin/npm-cli.js',
1 verbose cli   'run',
1 verbose cli   'start' ]
2 info using npm@4.1.2
3 info using node@v7.7.4
4 verbose run-script [ 'prestart', 'start', 'poststart' ]
5 info lifecycle angular-examples-master@1.0.0~prestart: angular-examples-master@1.0.0
6 verbose lifecycle angular-examples-master@1.0.0~prestart: unsafe-perm in lifecycle true
7 verbose lifecycle angular-examples-master@1.0.0~prestart: PATH: /usr/local/Cellar/node/7.7.4/libexec/npm/lib/node_modules/npm/bin/node-gyp-bin:/Users/hongjiayong/Desktop/FunData-Font-Angular2/node_modules/.bin:/Applications/Cocos/Cocos2d-x/cocos2d-x-3.10/templates:/Applications/Cocos/Cocos2d-x:/Applications/Cocos/Cocos2d-x/cocos2d-x-3.10/tools/cocos2d-console/bin:/Library/Frameworks/Python.framework/Versions/3.4/bin:/usr/local/bin:/usr/bin:/bin:/usr/sbin:/sbin
8 verbose lifecycle angular-examples-master@1.0.0~prestart: CWD: /Users/hongjiayong/Desktop/FunData-Font-Angular2
9 silly lifecycle angular-examples-master@1.0.0~prestart: Args: [ '-c', 'npm run build' ]
10 info lifecycle angular-examples-master@1.0.0~prestart: Failed to exec prestart script
11 verbose stack Error: angular-examples-master@1.0.0 prestart: `npm run build`
11 verbose stack spawn ENOENT
11 verbose stack     at ChildProcess.<anonymous> (/usr/local/Cellar/node/7.7.4/libexec/npm/lib/node_modules/npm/lib/utils/spawn.js:33:16)
11 verbose stack     at emitTwo (events.js:106:13)
11 verbose stack     at ChildProcess.emit (events.js:194:7)
11 verbose stack     at maybeClose (internal/child_process.js:899:16)
11 verbose stack     at Process.ChildProcess._handle.onexit (internal/child_process.js:226:5)
12 verbose pkgid angular-examples-master@1.0.0
13 verbose cwd /Users/hongjiayong/Desktop/FunData-Font-Angular2
14 error Darwin 16.4.0
15 error argv "/usr/local/Cellar/node/7.7.4/bin/node" "/usr/local/Cellar/node/7.7.4/libexec/npm/lib/node_modules/npm/bin/npm-cli.js" "run" "start"
16 error node v7.7.4
17 error npm  v4.1.2
18 error file sh
19 error code ELIFECYCLE
20 error errno ENOENT
21 error syscall spawn
22 error angular-examples-master@1.0.0 prestart: `npm run build`
22 error spawn ENOENT
23 error Failed at the angular-examples-master@1.0.0 prestart script 'npm run build'.
23 error Make sure you have the latest version of node.js and npm installed.
23 error If you do, this is most likely a problem with the angular-examples-master package,
23 error not with npm itself.
23 error Tell the author that this fails on your system:
23 error     npm run build
23 error You can get information on how to open an issue for this project with:
23 error     npm bugs angular-examples-master
23 error Or if that isn't available, you can get their info via:
23 error     npm owner ls angular-examples-master
23 error There is likely additional logging output above.
24 verbose exit [ 1, true ]
